

Microchip Technology PIC18 LITE Macro Assembler V1.32 build 58300 
                                                                                               Mon Jul 14 21:48:34 2014

Microchip Technology Omniscient Code Generator (Lite mode) build 58300
     1                           	processor	18F45K20
     2                           	fnconf	rparam,??,?,0
     3                           	opt	pw 120
     4                           	opt	lm
     5                           	psect	text0,global,reloc=2,class=CODE,delta=1
     6                           	psect	cinit,global,reloc=2,class=CODE,delta=1
     7                           	psect	cstackCOMRAM,global,class=COMRAM,space=1,delta=1
     8                           	psect	intsave_regs,global,class=BIGRAM,space=1,delta=1
     9                           	psect	rparam,global,class=COMRAM,space=1,delta=1
    10  0000                     _CCP1CON	set	4029
    11  0000                     _CCPR1L	set	4030
    12  0000                     _PR2	set	4043
    13  0000                     _PSTRCON	set	4025
    14  0000                     _T2CON	set	4042
    15  0000                     _TRISDbits	set	3989
    16                           
    17                           ; 0 bytes @ 0x0
    18 ;;
    19 ;;Main: autosize = 0, tempsize = 0, incstack = 0, save=0
    20 ;;
    21 ;; *************** function _main *****************
    22 ;; Defined at:
    23 ;;		line 27 in file "main.c"
    24 ;; Parameters:    Size  Location     Type
    25 ;;		None
    26 ;; Auto vars:     Size  Location     Type
    27 ;;		None
    28 ;; Return value:  Size  Location     Type
    29 ;;		None               void
    30 ;; Registers used:
    31 ;;		wreg, status,2
    32 ;; Tracked objects:
    33 ;;		On entry : 0/0
    34 ;;		On exit  : 0/0
    35 ;;		Unchanged: 0/0
    36 ;; Data sizes:     COMRAM   BANK0   BANK1   BANK2   BANK3   BANK4   BANK5
    37 ;;      Params:         0       0       0       0       0       0       0
    38 ;;      Locals:         0       0       0       0       0       0       0
    39 ;;      Temps:          0       0       0       0       0       0       0
    40 ;;      Totals:         0       0       0       0       0       0       0
    41 ;;Total ram usage:        0 bytes
    42 ;; This function calls:
    43 ;;		Nothing
    44 ;; This function is called by:
    45 ;;		Startup code after reset
    46 ;; This function uses a non-reentrant model
    47 ;;
    48                           
    49                           	psect	text0
    50  007CE4                     __ptext0:
    51                           	opt stack 0
    52  007CE4                     _main:
    53                           	opt stack 30
    54                           
    55                           ;main.c: 29: TRISDbits.TRISD7 = 0;
    56                           
    57                           ;incstack = 0
    58  007CE4  9E95               	bcf	3989,7,c	;volatile
    59                           
    60                           ;main.c: 30: TRISDbits.TRISD6 = 0;
    61  007CE6  9C95               	bcf	3989,6,c	;volatile
    62                           
    63                           ;main.c: 31: TRISDbits.TRISD5 = 0;
    64  007CE8  9A95               	bcf	3989,5,c	;volatile
    65                           
    66                           ;main.c: 33: T2CON = 0b00000111;
    67  007CEA  0E07               	movlw	7
    68  007CEC  6ECA               	movwf	4042,c	;volatile
    69                           
    70                           ;main.c: 34: PR2 = 249;
    71  007CEE  0EF9               	movlw	249
    72  007CF0  6ECB               	movwf	4043,c	;volatile
    73                           
    74                           ;main.c: 36: CCPR1L = 0b01111101;
    75  007CF2  0E7D               	movlw	125
    76  007CF4  6EBE               	movwf	4030,c	;volatile
    77                           
    78                           ;main.c: 37: CCP1CON = 0b00001100;
    79  007CF6  0E0C               	movlw	12
    80  007CF8  6EBD               	movwf	4029,c	;volatile
    81                           
    82                           ;main.c: 39: PSTRCON = 0b00001110;
    83  007CFA  0E0E               	movlw	14
    84  007CFC  6EB9               	movwf	4025,c	;volatile
    85  007CFE                     l15:
    86                           
    87                           ;main.c: 42: ;
    88  007CFE  D7FF               	goto	l15
    89  007D00                     __end_of_main:
    90                           	opt stack 0
    91  0000                     
    92                           	psect	cinit
    93  007CDE                     __pcinit:
    94                           	opt stack 0
    95  007CDE                     start_initialization:
    96                           	opt stack 0
    97  007CDE                     __initialization:
    98                           	opt stack 0
    99  007CDE                     end_of_initialization:
   100                           	opt stack 0
   101  007CDE                     __end_of__initialization:
   102                           	opt stack 0
   103  007CDE  0100               	movlb	0
   104  007CE0  EF72  F03E         	goto	_main	;jump to C main() function
   105                           
   106                           	psect	cstackCOMRAM
   107  000000                     __pcstackCOMRAM:
   108                           	opt stack 0
   109  000000                     
   110                           	psect	rparam


Data Sizes:
    Strings     0
    Constant    0
    Data        0
    BSS         0
    Persistent  0
    Stack       0

Auto Spaces:
    Space          Size  Autos    Used
    COMRAM           95      0       0
    BANK0           160      0       0
    BANK1           256      0       0
    BANK2           256      0       0
    BANK3           256      0       0
    BANK4           256      0       0
    BANK5           239      0       0

Pointer List with Targets:

    None.

Critical Paths under _main in COMRAM

    None.

Critical Paths under _main in BANK0

    None.

Critical Paths under _main in BANK1

    None.

Critical Paths under _main in BANK2

    None.

Critical Paths under _main in BANK3

    None.

Critical Paths under _main in BANK4

    None.

Critical Paths under _main in BANK5

    None.

Call Graph Tables:

 ---------------------------------------------------------------------------------
 (Depth) Function   	        Calls       Base Space   Used Autos Params    Refs
 ---------------------------------------------------------------------------------
 (0) _main                                                 0     0      0       0
 ---------------------------------------------------------------------------------
 Estimated maximum stack depth 0
 ---------------------------------------------------------------------------------

 Call Graph Graphs:

 _main (ROOT)

 Address spaces:
Name               Size   Autos  Total    Cost      Usage
BITCOMRAM           5F      0       0       0        0.0%
EEDATA             100      0       0       0        0.0%
NULL                 0      0       0       0        0.0%
CODE                 0      0       0       0        0.0%
COMRAM              5F      0       0       1        0.0%
STACK                0      0       0       2        0.0%
BITBANK0            A0      0       0       3        0.0%
BANK0               A0      0       0       4        0.0%
BITBANK1           100      0       0       5        0.0%
BANK1              100      0       0       6        0.0%
BITBANK2           100      0       0       7        0.0%
BANK2              100      0       0       8        0.0%
BITBANK3           100      0       0       9        0.0%
BANK3              100      0       0      10        0.0%
BITBANK4           100      0       0      11        0.0%
BANK4              100      0       0      12        0.0%
BANK5               EF      0       0      13        0.0%
ABS                  0      0       0      14        0.0%
BITBANK5            EF      0       0      15        0.0%
BIGRAM             5EE      0       0      16        0.0%
DATA                 0      0       0      17        0.0%
BITSFR_5             0      0       0      40        0.0%
SFR_5                0      0       0      40        0.0%
BITSFR_4             0      0       0      40        0.0%
SFR_4                0      0       0      40        0.0%
BITSFR_3             0      0       0      40        0.0%
SFR_3                0      0       0      40        0.0%
BITSFR_2             0      0       0      40        0.0%
SFR_2                0      0       0      40        0.0%
BITSFR_1             0      0       0      40        0.0%
SFR_1                0      0       0      40        0.0%
BITSFR               0      0       0      40        0.0%
SFR                  0      0       0      40        0.0%


Microchip Technology PIC18 Macro Assembler V1.32 build 58300 
Symbol Table                                                                                   Mon Jul 14 21:48:34 2014

                     l15 7CFE             __CFG_CP0$OFF 000000             __CFG_CP1$OFF 000000  
           __CFG_CP2$OFF 000000             __CFG_CP3$OFF 000000             __CFG_CPB$OFF 000000  
                    _PR2 000FCB             __CFG_CPD$OFF 000000             __CFG_BORV$18 000000  
           __CFG_LVP$OFF 000000                     _main 7CE4                     start 0002  
          __CFG_IESO$OFF 000000            __CFG_MCLRE$ON 000000                    ?_main 0000  
                  _T2CON 000FCA            __CFG_PWRT$OFF 000000            __CFG_WRT0$OFF 000000  
          __CFG_WRT1$OFF 000000            __CFG_WRT2$OFF 000000            __CFG_WRT3$OFF 000000  
         __CFG_EBTR0$OFF 000000           __CFG_FCMEN$OFF 000000           __CFG_EBTR1$OFF 000000  
         __CFG_EBTR2$OFF 000000           __CFG_EBTR3$OFF 000000            __CFG_WRTB$OFF 000000  
          __CFG_WRTC$OFF 000000            __CFG_WRTD$OFF 000000           __CFG_EBTRB$OFF 000000  
         __CFG_HFOFST$ON 000000          __initialization 7CDE             __end_of_main 7D00  
                 ??_main 0000            __activetblptr 000000                   _CCPR1L 000FBE  
         __CFG_WDTEN$OFF 000000           __CFG_XINST$OFF 000000           __CFG_STVREN$ON 000000  
             __accesstop 0060  __end_of__initialization 7CDE          __CFG_PBADEN$OFF 000000  
         __pcstackCOMRAM 0000                  _CCP1CON 000FBD                  _PSTRCON 000FB9  
                __Hparam 0000                  __Lparam 0000                  __pcinit 7CDE  
                __ramtop 0600                  __ptext0 7CE4     end_of_initialization 7CDE  
       __CFG_FOSC$INTIO7 000000                _TRISDbits 000F95      start_initialization 7CDE  
       __CFG_LPT1OSC$OFF 000000        __CFG_CCP2MX$PORTC 000000         __CFG_WDTPS$32768 000000  
               __Hrparam 0000                 __Lrparam 0000       __CFG_BOREN$SBORDIS 000000  
          __size_of_main 001C  
